<?xml version="1.0" encoding="UTF-8"?>
<testng-results ignored="0" total="4" passed="2" failed="2" skipped="0">
  <reporter-output>
    <line>
      <![CDATA[login Started Execution]]>
    </line>
    <line>
      <![CDATA[Register is passed]]>
    </line>
    <line>
      <![CDATA[Register is passed]]>
    </line>
    <line>
      <![CDATA[username Entered is : Test1]]>
    </line>
    <line>
      <![CDATA[Password Entered is : pass1]]>
    </line>
    <line>
      <![CDATA[login is failed]]>
    </line>
    <line>
      <![CDATA[<a href="C:\quote.jpg" target="_blank">Test case failed :</a>login]]>
    </line>
    <line>
      <![CDATA[<br>]]>
    </line>
    <line>
      <![CDATA[<a href="C:\quote.jpg" target="_blank"><img height=200 width=200 src="C:\quote.jpg"></img></a>login]]>
    </line>
    <line>
      <![CDATA[username Entered is : Test2]]>
    </line>
    <line>
      <![CDATA[Password Entered is : pas2]]>
    </line>
    <line>
      <![CDATA[login is failed]]>
    </line>
    <line>
      <![CDATA[<a href="C:\quote.jpg" target="_blank">Test case failed :</a>login]]>
    </line>
    <line>
      <![CDATA[<br>]]>
    </line>
    <line>
      <![CDATA[<a href="C:\quote.jpg" target="_blank"><img height=200 width=200 src="C:\quote.jpg"></img></a>login]]>
    </line>
  </reporter-output>
  <suite started-at="2020-05-02T16:00:04Z" name="Dataprovider" finished-at="2020-05-02T16:00:04Z" duration-ms="110">
    <groups>
    </groups>
    <test started-at="2020-05-02T16:00:04Z" name="login" finished-at="2020-05-02T16:00:04Z" duration-ms="110">
      <class name="Baselearnpkg.readdata">
        <test-method signature="Register(java.lang.String, java.lang.String, java.lang.String)[pri:0, instance:Baselearnpkg.readdata@f79e]" started-at="2020-05-02T16:00:04Z" name="Register" data-provider="Testprovider" finished-at="2020-05-02T16:00:04Z" duration-ms="15" status="PASS">
          <params>
            <param index="0">
              <value>
                <![CDATA[User1]]>
              </value>
            </param>
            <param index="1">
              <value>
                <![CDATA[last1]]>
              </value>
            </param>
            <param index="2">
              <value>
                <![CDATA[Test1@fmail.com]]>
              </value>
            </param>
          </params>
          <reporter-output>
            <line>
              <![CDATA[Register is passed]]>
            </line>
          </reporter-output>
        </test-method> <!-- Register -->
        <test-method signature="Register(java.lang.String, java.lang.String, java.lang.String)[pri:0, instance:Baselearnpkg.readdata@f79e]" started-at="2020-05-02T16:00:04Z" name="Register" data-provider="Testprovider" finished-at="2020-05-02T16:00:04Z" duration-ms="1" status="PASS">
          <params>
            <param index="0">
              <value>
                <![CDATA[User2]]>
              </value>
            </param>
            <param index="1">
              <value>
                <![CDATA[last1]]>
              </value>
            </param>
            <param index="2">
              <value>
                <![CDATA[Test2@fmail.com]]>
              </value>
            </param>
          </params>
          <reporter-output>
            <line>
              <![CDATA[Register is passed]]>
            </line>
          </reporter-output>
        </test-method> <!-- Register -->
        <test-method signature="login(java.lang.String, java.lang.String)[pri:0, instance:Baselearnpkg.readdata@f79e]" started-at="2020-05-02T16:00:04Z" name="login" data-provider="Testprovider" finished-at="2020-05-02T16:00:04Z" duration-ms="18" status="FAIL">
          <params>
            <param index="0">
              <value>
                <![CDATA[Test1]]>
              </value>
            </param>
            <param index="1">
              <value>
                <![CDATA[pass1]]>
              </value>
            </param>
          </params>
          <exception class="java.lang.AssertionError">
            <message>
              <![CDATA[null]]>
            </message>
            <full-stacktrace>
              <![CDATA[java.lang.AssertionError: null
at org.testng.Assert.fail(Assert.java:96)
at org.testng.Assert.fail(Assert.java:103)
at Baselearnpkg.readdata.login(readdata.java:16)
at java.base/jdk.internal.reflect.NativeMethodAccessorImpl.invoke0(Native Method)
at java.base/jdk.internal.reflect.NativeMethodAccessorImpl.invoke(Unknown Source)
at java.base/jdk.internal.reflect.DelegatingMethodAccessorImpl.invoke(Unknown Source)
at java.base/java.lang.reflect.Method.invoke(Unknown Source)
at org.testng.internal.MethodInvocationHelper.invokeMethod(MethodInvocationHelper.java:124)
at org.testng.internal.Invoker.invokeMethod(Invoker.java:580)
at org.testng.internal.Invoker.invokeTestMethod(Invoker.java:716)
at org.testng.internal.Invoker.invokeTestMethods(Invoker.java:988)
at org.testng.internal.TestMethodWorker.invokeTestMethods(TestMethodWorker.java:125)
at org.testng.internal.TestMethodWorker.run(TestMethodWorker.java:109)
at org.testng.TestRunner.privateRun(TestRunner.java:648)
at org.testng.TestRunner.run(TestRunner.java:505)
at org.testng.SuiteRunner.runTest(SuiteRunner.java:455)
at org.testng.SuiteRunner.runSequentially(SuiteRunner.java:450)
at org.testng.SuiteRunner.privateRun(SuiteRunner.java:415)
at org.testng.SuiteRunner.run(SuiteRunner.java:364)
at org.testng.SuiteRunnerWorker.runSuite(SuiteRunnerWorker.java:52)
at org.testng.SuiteRunnerWorker.run(SuiteRunnerWorker.java:84)
at org.testng.TestNG.runSuitesSequentially(TestNG.java:1208)
at org.testng.TestNG.runSuitesLocally(TestNG.java:1137)
at org.testng.TestNG.runSuites(TestNG.java:1049)
at org.testng.TestNG.run(TestNG.java:1017)
at org.testng.remote.AbstractRemoteTestNG.run(AbstractRemoteTestNG.java:114)
at org.testng.remote.RemoteTestNG.initAndRun(RemoteTestNG.java:251)
at org.testng.remote.RemoteTestNG.main(RemoteTestNG.java:77)
]]>
            </full-stacktrace>
          </exception> <!-- java.lang.AssertionError -->
          <reporter-output>
            <line>
              <![CDATA[username Entered is : Test1]]>
            </line>
            <line>
              <![CDATA[Password Entered is : pass1]]>
            </line>
            <line>
              <![CDATA[login is failed]]>
            </line>
            <line>
              <![CDATA[<a href="C:\quote.jpg" target="_blank">Test case failed :</a>login]]>
            </line>
            <line>
              <![CDATA[<br>]]>
            </line>
            <line>
              <![CDATA[<a href="C:\quote.jpg" target="_blank"><img height=200 width=200 src="C:\quote.jpg"></img></a>login]]>
            </line>
          </reporter-output>
        </test-method> <!-- login -->
        <test-method signature="login(java.lang.String, java.lang.String)[pri:0, instance:Baselearnpkg.readdata@f79e]" started-at="2020-05-02T16:00:04Z" name="login" data-provider="Testprovider" finished-at="2020-05-02T16:00:04Z" duration-ms="2" status="FAIL">
          <params>
            <param index="0">
              <value>
                <![CDATA[Test2]]>
              </value>
            </param>
            <param index="1">
              <value>
                <![CDATA[pas2]]>
              </value>
            </param>
          </params>
          <exception class="java.lang.AssertionError">
            <message>
              <![CDATA[null]]>
            </message>
            <full-stacktrace>
              <![CDATA[java.lang.AssertionError: null
at org.testng.Assert.fail(Assert.java:96)
at org.testng.Assert.fail(Assert.java:103)
at Baselearnpkg.readdata.login(readdata.java:16)
at java.base/jdk.internal.reflect.NativeMethodAccessorImpl.invoke0(Native Method)
at java.base/jdk.internal.reflect.NativeMethodAccessorImpl.invoke(Unknown Source)
at java.base/jdk.internal.reflect.DelegatingMethodAccessorImpl.invoke(Unknown Source)
at java.base/java.lang.reflect.Method.invoke(Unknown Source)
at org.testng.internal.MethodInvocationHelper.invokeMethod(MethodInvocationHelper.java:124)
at org.testng.internal.Invoker.invokeMethod(Invoker.java:580)
at org.testng.internal.Invoker.invokeTestMethod(Invoker.java:716)
at org.testng.internal.Invoker.invokeTestMethods(Invoker.java:988)
at org.testng.internal.TestMethodWorker.invokeTestMethods(TestMethodWorker.java:125)
at org.testng.internal.TestMethodWorker.run(TestMethodWorker.java:109)
at org.testng.TestRunner.privateRun(TestRunner.java:648)
at org.testng.TestRunner.run(TestRunner.java:505)
at org.testng.SuiteRunner.runTest(SuiteRunner.java:455)
at org.testng.SuiteRunner.runSequentially(SuiteRunner.java:450)
at org.testng.SuiteRunner.privateRun(SuiteRunner.java:415)
at org.testng.SuiteRunner.run(SuiteRunner.java:364)
at org.testng.SuiteRunnerWorker.runSuite(SuiteRunnerWorker.java:52)
at org.testng.SuiteRunnerWorker.run(SuiteRunnerWorker.java:84)
at org.testng.TestNG.runSuitesSequentially(TestNG.java:1208)
at org.testng.TestNG.runSuitesLocally(TestNG.java:1137)
at org.testng.TestNG.runSuites(TestNG.java:1049)
at org.testng.TestNG.run(TestNG.java:1017)
at org.testng.remote.AbstractRemoteTestNG.run(AbstractRemoteTestNG.java:114)
at org.testng.remote.RemoteTestNG.initAndRun(RemoteTestNG.java:251)
at org.testng.remote.RemoteTestNG.main(RemoteTestNG.java:77)
]]>
            </full-stacktrace>
          </exception> <!-- java.lang.AssertionError -->
          <reporter-output>
            <line>
              <![CDATA[username Entered is : Test2]]>
            </line>
            <line>
              <![CDATA[Password Entered is : pas2]]>
            </line>
            <line>
              <![CDATA[login is failed]]>
            </line>
            <line>
              <![CDATA[<a href="C:\quote.jpg" target="_blank">Test case failed :</a>login]]>
            </line>
            <line>
              <![CDATA[<br>]]>
            </line>
            <line>
              <![CDATA[<a href="C:\quote.jpg" target="_blank"><img height=200 width=200 src="C:\quote.jpg"></img></a>login]]>
            </line>
          </reporter-output>
        </test-method> <!-- login -->
      </class> <!-- Baselearnpkg.readdata -->
    </test> <!-- login -->
  </suite> <!-- Dataprovider -->
</testng-results>
